<?xml version="1.0" encoding="UTF-8"?>
<!-- Generated by org.testng.reporters.JUnitReportReporter -->
<testsuite hostname="DESKTOP-VAQKFJ2" failures="0" tests="1" name="com.banking.testcases.test" time="5.982" errors="0" timestamp="2023-12-29T17:40:31 IST" skipped="0">
  <testcase classname="com.banking.testcases.test" name="opn" time="5.982"/>
</testsuite> <!-- com.banking.testcases.test -->
